<?xml version="1.0" encoding="UTF-8"?>
<testsuite xmlns:xsi="http://www.w3.org/2001/XMLSchema-instance" xsi:noNamespaceSchemaLocation="https://maven.apache.org/surefire/maven-surefire-plugin/xsd/surefire-test-report-3.0.xsd" version="3.0" name="Checkers.CheckersTest" time="0.31" tests="31" errors="0" skipped="0" failures="0">
  <properties>
[...]
</properties>
  <testcase name="testComputerChoosesAvailableCapture" classname="Checkers.CheckersTest" time="0.233"/>
  <testcase name="testKingPiece_correctSide" classname="Checkers.CheckersTest" time="0.007"/>
  <testcase name="testJumpAvailable_normalRedCannotJumpBackward" classname="Checkers.CheckersTest" time="0.0"/>
  <testcase name="testKingCanMoveMultipleSpacesInStraightLine" classname="Checkers.CheckersTest" time="0.0"/>
  <testcase name="testBlackPiece_crowned_becomesBlackKing" classname="Checkers.CheckersTest" time="0.0">
    <system-out><![CDATA[Black crowned
]]></system-out>
  </testcase>
  <testcase name="testPlayer_pieceEaten_decrements" classname="Checkers.CheckersTest" time="0.0">
    <system-out><![CDATA[Black piece eaten
]]></system-out>
  </testcase>
  <testcase name="testPlayer_pieceEaten_toZero_callsLost" classname="Checkers.CheckersTest" time="0.0">
    <system-out><![CDATA[Red piece eaten
]]></system-out>
  </testcase>
  <testcase name="testPlayer_lost_setsToZero" classname="Checkers.CheckersTest" time="0.002"/>
  <testcase name="testJumpAvailable_blockedByOwnPiece" classname="Checkers.CheckersTest" time="0.002"/>
  <testcase name="testCheckJump_validJump" classname="Checkers.CheckersTest" time="0.001"/>
  <testcase name="testJumpAvailable_noPrey" classname="Checkers.CheckersTest" time="0.001"/>
  <testcase name="testCheckJump_invalidDistance_oneStep" classname="Checkers.CheckersTest" time="0.002"/>
  <testcase name="testRedPiece_crowned_becomesRedKing" classname="Checkers.CheckersTest" time="0.0">
    <system-out><![CDATA[Red crowned
]]></system-out>
  </testcase>
  <testcase name="testALevelSinglePieceCanMoveVerticalAndHorizontal" classname="Checkers.CheckersTest" time="0.0"/>
  <testcase name="testPlayer_multipleEaten" classname="Checkers.CheckersTest" time="0.0">
    <system-out><![CDATA[Red piece eaten
Red piece eaten
Red piece eaten
]]></system-out>
  </testcase>
  <testcase name="testJumpAvailable_kingCanJumpBackward" classname="Checkers.CheckersTest" time="0.001"/>
  <testcase name="testMandatoryCaptureSuppressesNormalMoves" classname="Checkers.CheckersTest" time="0.003"/>
  <testcase name="testCheckJump_cannotJumpOwnPiece" classname="Checkers.CheckersTest" time="0.002"/>
  <testcase name="testJumpAvailable_cannotJumpOwnPiece" classname="Checkers.CheckersTest" time="0.002"/>
  <testcase name="testCrowning_redReachesBottomRow" classname="Checkers.CheckersTest" time="0.002">
    <system-out><![CDATA[Red crowned
]]></system-out>
  </testcase>
  <testcase name="testPieceTypeAndSide_Black" classname="Checkers.CheckersTest" time="0.0"/>
  <testcase name="testCheckJump_destinationOccupied" classname="Checkers.CheckersTest" time="0.0"/>
  <testcase name="testCrowning_doesNotChangeAlreadyKing" classname="Checkers.CheckersTest" time="0.0"/>
  <testcase name="testJumpAvailable_redCanJumpBlack" classname="Checkers.CheckersTest" time="0.002"/>
  <testcase name="testMultiCaptureCanBeSelectedByFirstLandingSquare" classname="Checkers.CheckersTest" time="0.0"/>
  <testcase name="testPieceInitialCoordinates" classname="Checkers.CheckersTest" time="0.0"/>
  <testcase name="testCheckJump_noPieceTojumpOver" classname="Checkers.CheckersTest" time="0.001"/>
  <testcase name="testPieceMoved_updatesCoordinates" classname="Checkers.CheckersTest" time="0.001">
    <system-out><![CDATA[Moved to 4,3
]]></system-out>
  </testcase>
  <testcase name="testPlayer_initialPieceCount" classname="Checkers.CheckersTest" time="0.0"/>
  <testcase name="testPieceTypeAndSide_Red" classname="Checkers.CheckersTest" time="0.0"/>
  <testcase name="testCrowning_blackReachesTopRow" classname="Checkers.CheckersTest" time="0.0">
    <system-out><![CDATA[Black crowned
]]></system-out>
  </testcase>
</testsuite>